<?xml version="1.0" encoding="UTF-8"?>
<testng-results ignored="0" total="1" passed="1" failed="0" skipped="0">
  <reporter-output>
  </reporter-output>
  <suite started-at="2022-01-28T17:47:00 IST" name="Surefire suite" finished-at="2022-01-28T17:47:08 IST" duration-ms="8165">
    <groups>
    </groups>
    <test started-at="2022-01-28T17:47:00 IST" name="Surefire test" finished-at="2022-01-28T17:47:08 IST" duration-ms="8165">
      <class name="herokutests.PositiveTests">
        <test-method signature="loginTest()[pri:0, instance:herokutests.PositiveTests@38425407]" started-at="2022-01-28T17:47:00 IST" name="loginTest" finished-at="2022-01-28T17:47:08 IST" duration-ms="8088" status="PASS">
          <reporter-output>
          </reporter-output>
        </test-method> <!-- loginTest -->
      </class> <!-- herokutests.PositiveTests -->
    </test> <!-- Surefire test -->
  </suite> <!-- Surefire suite -->
</testng-results>
