<?xml version="1.0" encoding="UTF-8"?>
<testng-results ignored="0" total="1" passed="1" failed="0" skipped="0">
  <reporter-output>
  </reporter-output>
  <suite started-at="2022-02-07T14:19:04 IST" name="Default suite" finished-at="2022-02-07T14:19:12 IST" duration-ms="7690">
    <groups>
    </groups>
    <test started-at="2022-02-07T14:19:04 IST" name="Default test" finished-at="2022-02-07T14:19:12 IST" duration-ms="7690">
      <class name="herokutests.PositiveTests">
        <test-method signature="loginTest()[pri:0, instance:herokutests.PositiveTests@2c35e847]" started-at="2022-02-07T14:19:04 IST" name="loginTest" finished-at="2022-02-07T14:19:12 IST" duration-ms="7654" status="PASS">
          <reporter-output>
          </reporter-output>
        </test-method> <!-- loginTest -->
      </class> <!-- herokutests.PositiveTests -->
    </test> <!-- Default test -->
  </suite> <!-- Default suite -->
</testng-results>
